<?xml version="1.0" encoding="UTF-8"?>
<testsuite name="dev.adamgibbs.themepark.ThemeParkApplicationIT" tests="4" skipped="0" failures="0" errors="0" timestamp="2020-11-03T21:14:57" hostname="adam-desk-kub" time="0.404">
  <properties/>
  <testcase name="getsAllRides" classname="dev.adamgibbs.themepark.ThemeParkApplicationIT" time="0.3"/>
  <testcase name="getsSingleRide" classname="dev.adamgibbs.themepark.ThemeParkApplicationIT" time="0.028"/>
  <testcase name="returnsNotFoundForInvalidSingleRide" classname="dev.adamgibbs.themepark.ThemeParkApplicationIT" time="0.012"/>
  <testcase name="addsNewRide" classname="dev.adamgibbs.themepark.ThemeParkApplicationIT" time="0.06"/>
  <system-out><![CDATA[21:14:53.606 [Test worker] DEBUG org.springframework.test.annotation.ProfileValueUtils - Retrieved @ProfileValueSourceConfiguration [null] for test class [dev.adamgibbs.themepark.ThemeParkApplicationIT]
21:14:53.606 [Test worker] DEBUG org.springframework.test.annotation.ProfileValueUtils - Retrieved ProfileValueSource type [class org.springframework.test.annotation.SystemProfileValueSource] for class [dev.adamgibbs.themepark.ThemeParkApplicationIT]
21:14:53.607 [Test worker] DEBUG org.springframework.test.annotation.ProfileValueUtils - Retrieved @ProfileValueSourceConfiguration [null] for test class [dev.adamgibbs.themepark.ThemeParkApplicationIT]
21:14:53.607 [Test worker] DEBUG org.springframework.test.annotation.ProfileValueUtils - Retrieved ProfileValueSource type [class org.springframework.test.annotation.SystemProfileValueSource] for class [dev.adamgibbs.themepark.ThemeParkApplicationIT]
21:14:53.611 [Test worker] DEBUG org.springframework.test.context.support.AbstractDirtiesContextTestExecutionListener - Before test class: context [DefaultTestContext@15272b7f testClass = ThemeParkApplicationIT, testInstance = [null], testMethod = [null], testException = [null], mergedContextConfiguration = [WebMergedContextConfiguration@29790bbd testClass = ThemeParkApplicationIT, locations = '{}', classes = '{class dev.adamgibbs.themepark.ThemeParkApplication}', contextInitializerClasses = '[]', activeProfiles = '{}', propertySourceLocations = '{}', propertySourceProperties = '{org.springframework.boot.test.context.SpringBootTestContextBootstrapper=true}', contextCustomizers = set[org.springframework.boot.test.autoconfigure.properties.PropertyMappingContextCustomizer@4b3fa0b3, org.springframework.boot.test.autoconfigure.web.servlet.WebDriverContextCustomizerFactory$Customizer@2647a677, [ImportsContextCustomizer@37c87e69 key = [org.springframework.boot.test.autoconfigure.web.servlet.MockMvcAutoConfiguration, org.springframework.boot.test.autoconfigure.web.servlet.MockMvcWebClientAutoConfiguration, org.springframework.boot.test.autoconfigure.web.servlet.MockMvcWebDriverAutoConfiguration, org.springframework.boot.autoconfigure.security.oauth2.client.servlet.OAuth2ClientAutoConfiguration, org.springframework.boot.autoconfigure.security.oauth2.resource.servlet.OAuth2ResourceServerAutoConfiguration, org.springframework.boot.autoconfigure.security.servlet.SecurityAutoConfiguration, org.springframework.boot.autoconfigure.security.servlet.SecurityFilterAutoConfiguration, org.springframework.boot.autoconfigure.security.servlet.UserDetailsServiceAutoConfiguration, org.springframework.boot.test.autoconfigure.web.servlet.MockMvcSecurityConfiguration]], org.springframework.boot.test.context.filter.ExcludeFilterContextCustomizer@5065ee3f, org.springframework.boot.test.json.DuplicateJsonObjectContextCustomizerFactory$DuplicateJsonObjectContextCustomizer@61cf4ab7, org.springframework.boot.test.mock.mockito.MockitoContextCustomizer@0, org.springframework.boot.test.web.client.TestRestTemplateContextCustomizer@7df0da64, org.springframework.boot.test.context.SpringBootTestArgs@1], resourceBasePath = 'src/main/webapp', contextLoader = 'org.springframework.boot.test.context.SpringBootContextLoader', parent = [null]], attributes = map['org.springframework.test.context.web.ServletTestExecutionListener.activateListener' -> true]], class annotated with @DirtiesContext [false] with mode [null].
21:14:53.613 [Test worker] DEBUG org.springframework.test.annotation.ProfileValueUtils - Retrieved @ProfileValueSourceConfiguration [null] for test class [dev.adamgibbs.themepark.ThemeParkApplicationIT]
21:14:53.613 [Test worker] DEBUG org.springframework.test.annotation.ProfileValueUtils - Retrieved ProfileValueSource type [class org.springframework.test.annotation.SystemProfileValueSource] for class [dev.adamgibbs.themepark.ThemeParkApplicationIT]
21:14:53.629 [Test worker] DEBUG org.springframework.test.context.support.TestPropertySourceUtils - Adding inlined properties to environment: {spring.jmx.enabled=false, org.springframework.boot.test.context.SpringBootTestContextBootstrapper=true}

  .   ____          _            __ _ _
 /\\ / ___'_ __ _ _(_)_ __  __ _ \ \ \ \
( ( )\___ | '_ | '_| | '_ \/ _` | \ \ \ \
 \\/  ___)| |_)| | | | | || (_| |  ) ) ) )
  '  |____| .__|_| |_|_| |_\__, | / / / /
 =========|_|==============|___/=/_/_/_/
 :: Spring Boot ::        (v2.3.4.RELEASE)

2020-11-03 21:14:53.922  INFO 66751 --- [    Test worker] d.a.themepark.ThemeParkApplicationIT     : Starting ThemeParkApplicationIT on adam-desk-kub with PID 66751 (started by adam in /home/adam/Code/theme-park)
2020-11-03 21:14:53.924  INFO 66751 --- [    Test worker] d.a.themepark.ThemeParkApplicationIT     : No active profile set, falling back to default profiles: default
2020-11-03 21:14:54.815  INFO 66751 --- [    Test worker] .s.d.r.c.RepositoryConfigurationDelegate : Bootstrapping Spring Data JPA repositories in DEFERRED mode.
2020-11-03 21:14:54.865  INFO 66751 --- [    Test worker] .s.d.r.c.RepositoryConfigurationDelegate : Finished Spring Data repository scanning in 42ms. Found 1 JPA repository interfaces.
2020-11-03 21:14:55.386  INFO 66751 --- [    Test worker] o.s.s.concurrent.ThreadPoolTaskExecutor  : Initializing ExecutorService 'applicationTaskExecutor'
2020-11-03 21:14:55.402  INFO 66751 --- [    Test worker] com.zaxxer.hikari.HikariDataSource       : HikariPool-1 - Starting...
2020-11-03 21:14:55.582  INFO 66751 --- [    Test worker] com.zaxxer.hikari.HikariDataSource       : HikariPool-1 - Start completed.
2020-11-03 21:14:55.655  INFO 66751 --- [         task-1] o.hibernate.jpa.internal.util.LogHelper  : HHH000204: Processing PersistenceUnitInfo [name: default]
2020-11-03 21:14:55.699  INFO 66751 --- [         task-1] org.hibernate.Version                    : HHH000412: Hibernate ORM core version 5.4.21.Final
2020-11-03 21:14:55.853  INFO 66751 --- [         task-1] o.hibernate.annotations.common.Version   : HCANN000001: Hibernate Commons Annotations {5.1.0.Final}
2020-11-03 21:14:55.883  WARN 66751 --- [    Test worker] JpaBaseConfiguration$JpaWebConfiguration : spring.jpa.open-in-view is enabled by default. Therefore, database queries may be performed during view rendering. Explicitly configure spring.jpa.open-in-view to disable this warning
2020-11-03 21:14:55.995  INFO 66751 --- [         task-1] org.hibernate.dialect.Dialect            : HHH000400: Using dialect: org.hibernate.dialect.H2Dialect
2020-11-03 21:14:56.643  INFO 66751 --- [         task-1] o.h.e.t.j.p.i.JtaPlatformInitiator       : HHH000490: Using JtaPlatform implementation: [org.hibernate.engine.transaction.jta.platform.internal.NoJtaPlatform]
2020-11-03 21:14:56.650  INFO 66751 --- [         task-1] j.LocalContainerEntityManagerFactoryBean : Initialized JPA EntityManagerFactory for persistence unit 'default'
2020-11-03 21:14:56.847  INFO 66751 --- [    Test worker] o.s.b.t.m.w.SpringBootMockServletContext : Initializing Spring TestDispatcherServlet ''
2020-11-03 21:14:56.848  INFO 66751 --- [    Test worker] o.s.t.web.servlet.TestDispatcherServlet  : Initializing Servlet ''
2020-11-03 21:14:56.868  INFO 66751 --- [    Test worker] o.s.b.a.e.web.EndpointLinksResolver      : Exposing 2 endpoint(s) beneath base path '/actuator'
2020-11-03 21:14:56.896  INFO 66751 --- [    Test worker] o.s.t.web.servlet.TestDispatcherServlet  : Completed initialization in 48 ms
2020-11-03 21:14:56.922  INFO 66751 --- [    Test worker] DeferredRepositoryInitializationListener : Triggering deferred initialization of Spring Data repositories…
2020-11-03 21:14:57.283  INFO 66751 --- [    Test worker] DeferredRepositoryInitializationListener : Spring Data repositories initialized!
2020-11-03 21:14:57.298  INFO 66751 --- [    Test worker] d.a.themepark.ThemeParkApplicationIT     : Started ThemeParkApplicationIT in 3.659 seconds (JVM running for 4.643)
]]></system-out>
  <system-err><![CDATA[]]></system-err>
</testsuite>
